app/build/intermediates/manifest_merge_blame_file/debug/processDebugMainManifest/manifest-merger-blame-debug-report.txt
1<?xml version="1.0" encoding="utf-8"?>
2<manifest xmlns:android="http://schemas.android.com/apk/res/android"
3    package="com.personal.smsapp.debug"
4    android:versionCode="1"
5    android:versionName="1.0" >
6
7    <uses-sdk
8        android:minSdkVersion="26"
9        android:targetSdkVersion="34" />
10
11    <!-- SMS Permissions -->
12    <uses-permission android:name="android.permission.RECEIVE_SMS" />
12-->src\main\AndroidManifest.xml:5:5-70
12-->src\main\AndroidManifest.xml:5:22-67
13    <uses-permission android:name="android.permission.READ_SMS" />
13-->src\main\AndroidManifest.xml:6:5-67
13-->src\main\AndroidManifest.xml:6:22-64
14    <uses-permission android:name="android.permission.SEND_SMS" />
14-->src\main\AndroidManifest.xml:7:5-67
14-->src\main\AndroidManifest.xml:7:22-64
15    <uses-permission android:name="android.permission.WRITE_SMS" />
15-->src\main\AndroidManifest.xml:8:5-68
15-->src\main\AndroidManifest.xml:8:22-65
16    <uses-permission android:name="android.permission.RECEIVE_MMS" />
16-->src\main\AndroidManifest.xml:9:5-70
16-->src\main\AndroidManifest.xml:9:22-67
17    <uses-permission android:name="android.permission.READ_PHONE_STATE" />
17-->src\main\AndroidManifest.xml:10:5-75
17-->src\main\AndroidManifest.xml:10:22-72
18
19    <!-- Contact lookup -->
20    <uses-permission android:name="android.permission.READ_CONTACTS" />
20-->src\main\AndroidManifest.xml:13:5-72
20-->src\main\AndroidManifest.xml:13:22-69
21
22    <!-- Network for API forwarding -->
23    <uses-permission android:name="android.permission.INTERNET" />
23-->src\main\AndroidManifest.xml:16:5-67
23-->src\main\AndroidManifest.xml:16:22-64
24    <uses-permission android:name="android.permission.ACCESS_NETWORK_STATE" />
24-->src\main\AndroidManifest.xml:17:5-79
24-->src\main\AndroidManifest.xml:17:22-76
25
26    <!-- Notifications -->
27    <uses-permission android:name="android.permission.POST_NOTIFICATIONS" />
27-->src\main\AndroidManifest.xml:20:5-77
27-->src\main\AndroidManifest.xml:20:22-74
28
29    <!-- Vibration for notifications -->
30    <uses-permission android:name="android.permission.VIBRATE" />
30-->src\main\AndroidManifest.xml:23:5-66
30-->src\main\AndroidManifest.xml:23:22-63
31
32    <!-- Required to be default SMS app -->
33    <uses-permission android:name="android.permission.BROADCAST_WAP_PUSH" />
33-->src\main\AndroidManifest.xml:26:5-77
33-->src\main\AndroidManifest.xml:26:22-74
34    <uses-permission android:name="android.permission.SEND_RESPOND_VIA_MESSAGE" />
34-->src\main\AndroidManifest.xml:27:5-83
34-->src\main\AndroidManifest.xml:27:22-80
35    <uses-permission android:name="android.permission.WAKE_LOCK" />
35-->[androidx.work:work-runtime:2.9.0] AndroidManifest.xml:23:5-68
35-->[androidx.work:work-runtime:2.9.0] AndroidManifest.xml:23:22-65
36    <uses-permission android:name="android.permission.RECEIVE_BOOT_COMPLETED" />
36-->[androidx.work:work-runtime:2.9.0] AndroidManifest.xml:25:5-81
36-->[androidx.work:work-runtime:2.9.0] AndroidManifest.xml:25:22-78
37    <uses-permission android:name="android.permission.FOREGROUND_SERVICE" />
37-->[androidx.work:work-runtime:2.9.0] AndroidManifest.xml:26:5-77
37-->[androidx.work:work-runtime:2.9.0] AndroidManifest.xml:26:22-74
38
39    <permission
39-->[androidx.core:core:1.12.0] AndroidManifest.xml:22:5-24:47
40        android:name="com.personal.smsapp.debug.DYNAMIC_RECEIVER_NOT_EXPORTED_PERMISSION"
40-->[androidx.core:core:1.12.0] AndroidManifest.xml:23:9-81
41        android:protectionLevel="signature" />
41-->[androidx.core:core:1.12.0] AndroidManifest.xml:24:9-44
42
43    <uses-permission android:name="com.personal.smsapp.debug.DYNAMIC_RECEIVER_NOT_EXPORTED_PERMISSION" />
43-->[androidx.core:core:1.12.0] AndroidManifest.xml:26:5-97
43-->[androidx.core:core:1.12.0] AndroidManifest.xml:26:22-94
44
45    <application
45-->src\main\AndroidManifest.xml:29:5-160:19
46        android:name="com.personal.smsapp.SMSApplication"
46-->src\main\AndroidManifest.xml:36:9-39
47        android:allowBackup="true"
47-->src\main\AndroidManifest.xml:30:9-35
48        android:appComponentFactory="androidx.core.app.CoreComponentFactory"
48-->[androidx.core:core:1.12.0] AndroidManifest.xml:28:18-86
49        android:debuggable="true"
50        android:extractNativeLibs="false"
51        android:icon="@mipmap/ic_launcher"
51-->src\main\AndroidManifest.xml:31:9-43
52        android:label="@string/app_name"
52-->src\main\AndroidManifest.xml:32:9-41
53        android:roundIcon="@mipmap/ic_launcher_round"
53-->src\main\AndroidManifest.xml:33:9-54
54        android:supportsRtl="true"
54-->src\main\AndroidManifest.xml:34:9-35
55        android:testOnly="true"
56        android:theme="@style/Theme.SMSApp" >
56-->src\main\AndroidManifest.xml:35:9-44
57
58        <!-- ══════════════════════════════════════════ -->
59        <!-- Activities -->
60        <!-- ══════════════════════════════════════════ -->
61
62
63        <!-- Main conversation list - also the SEND intent handler (required for default SMS app) -->
64        <activity
64-->src\main\AndroidManifest.xml:43:9-64:20
65            android:name="com.personal.smsapp.ui.ConversationListActivity"
65-->src\main\AndroidManifest.xml:44:13-56
66            android:exported="true"
66-->src\main\AndroidManifest.xml:45:13-36
67            android:launchMode="singleTop" >
67-->src\main\AndroidManifest.xml:46:13-43
68            <intent-filter>
68-->src\main\AndroidManifest.xml:47:13-51:29
69                <action android:name="android.intent.action.MAIN" />
69-->src\main\AndroidManifest.xml:48:17-69
69-->src\main\AndroidManifest.xml:48:25-66
70
71                <category android:name="android.intent.category.LAUNCHER" />
71-->src\main\AndroidManifest.xml:49:17-77
71-->src\main\AndroidManifest.xml:49:27-74
72                <category android:name="android.intent.category.DEFAULT" />
72-->src\main\AndroidManifest.xml:50:17-76
72-->src\main\AndroidManifest.xml:50:27-73
73            </intent-filter>
74            <!-- Required for default SMS app: handle plain-text shares -->
75            <intent-filter>
75-->src\main\AndroidManifest.xml:53:13-57:29
76                <action android:name="android.intent.action.SEND" />
76-->src\main\AndroidManifest.xml:54:17-69
76-->src\main\AndroidManifest.xml:54:25-66
77
78                <data android:mimeType="text/plain" />
78-->src\main\AndroidManifest.xml:55:17-55
78-->src\main\AndroidManifest.xml:55:23-52
79
80                <category android:name="android.intent.category.DEFAULT" />
80-->src\main\AndroidManifest.xml:50:17-76
80-->src\main\AndroidManifest.xml:50:27-73
81            </intent-filter>
82            <!-- Handle image shares -->
83            <intent-filter>
83-->src\main\AndroidManifest.xml:59:13-63:29
84                <action android:name="android.intent.action.SEND" />
84-->src\main\AndroidManifest.xml:54:17-69
84-->src\main\AndroidManifest.xml:54:25-66
85
86                <data android:mimeType="image/*" />
86-->src\main\AndroidManifest.xml:55:17-55
86-->src\main\AndroidManifest.xml:55:23-52
87
88                <category android:name="android.intent.category.DEFAULT" />
88-->src\main\AndroidManifest.xml:50:17-76
88-->src\main\AndroidManifest.xml:50:27-73
89            </intent-filter>
90        </activity>
91
92        <!-- Thread / message view -->
93        <activity
93-->src\main\AndroidManifest.xml:67:9-70:70
94            android:name="com.personal.smsapp.ui.MessageThreadActivity"
94-->src\main\AndroidManifest.xml:68:13-53
95            android:exported="false"
95-->src\main\AndroidManifest.xml:69:13-37
96            android:windowSoftInputMode="stateHidden|adjustResize" />
96-->src\main\AndroidManifest.xml:70:13-67
97
98        <!-- New message / compose -->
99        <activity
99-->src\main\AndroidManifest.xml:73:9-86:20
100            android:name="com.personal.smsapp.ui.ComposeActivity"
100-->src\main\AndroidManifest.xml:74:13-47
101            android:exported="true"
101-->src\main\AndroidManifest.xml:75:13-36
102            android:windowSoftInputMode="stateVisible|adjustResize" >
102-->src\main\AndroidManifest.xml:76:13-68
103
104            <!-- Required for default SMS app: handle SENDTO intents -->
105            <intent-filter>
105-->src\main\AndroidManifest.xml:78:13-85:29
106                <action android:name="android.intent.action.SENDTO" />
106-->src\main\AndroidManifest.xml:79:17-71
106-->src\main\AndroidManifest.xml:79:25-68
107
108                <data android:scheme="sms" />
108-->src\main\AndroidManifest.xml:55:17-55
108-->src\main\AndroidManifest.xml:80:23-43
109                <data android:scheme="smsto" />
109-->src\main\AndroidManifest.xml:55:17-55
109-->src\main\AndroidManifest.xml:80:23-43
110                <data android:scheme="mms" />
110-->src\main\AndroidManifest.xml:55:17-55
110-->src\main\AndroidManifest.xml:80:23-43
111                <data android:scheme="mmsto" />
111-->src\main\AndroidManifest.xml:55:17-55
111-->src\main\AndroidManifest.xml:80:23-43
112
113                <category android:name="android.intent.category.DEFAULT" />
113-->src\main\AndroidManifest.xml:50:17-76
113-->src\main\AndroidManifest.xml:50:27-73
114            </intent-filter>
115        </activity>
116
117        <!-- Settings -->
118        <activity
118-->src\main\AndroidManifest.xml:89:9-91:40
119            android:name="com.personal.smsapp.ui.SettingsActivity"
119-->src\main\AndroidManifest.xml:90:13-48
120            android:exported="false" />
120-->src\main\AndroidManifest.xml:91:13-37
121
122        <!-- ══════════════════════════════════════════ -->
123        <!-- Receivers -->
124        <!-- ══════════════════════════════════════════ -->
125
126
127        <!-- Incoming SMS receiver -->
128        <receiver
128-->src\main\AndroidManifest.xml:98:9-105:20
129            android:name="com.personal.smsapp.receiver.SmsReceiver"
129-->src\main\AndroidManifest.xml:99:13-49
130            android:exported="true"
130-->src\main\AndroidManifest.xml:100:13-36
131            android:permission="android.permission.BROADCAST_SMS" >
131-->src\main\AndroidManifest.xml:101:13-66
132            <intent-filter android:priority="999" >
132-->src\main\AndroidManifest.xml:102:13-104:29
132-->src\main\AndroidManifest.xml:102:28-50
133                <action android:name="android.provider.Telephony.SMS_DELIVER" />
133-->src\main\AndroidManifest.xml:103:17-81
133-->src\main\AndroidManifest.xml:103:25-78
134            </intent-filter>
135        </receiver>
136
137        <!-- MMS receiver (required for default SMS app) -->
138        <receiver
138-->src\main\AndroidManifest.xml:108:9-116:20
139            android:name="com.personal.smsapp.receiver.MmsReceiver"
139-->src\main\AndroidManifest.xml:109:13-49
140            android:exported="true"
140-->src\main\AndroidManifest.xml:110:13-36
141            android:permission="android.permission.BROADCAST_WAP_PUSH" >
141-->src\main\AndroidManifest.xml:111:13-71
142            <intent-filter>
142-->src\main\AndroidManifest.xml:112:13-115:29
143                <action android:name="android.provider.Telephony.WAP_PUSH_DELIVER" />
143-->src\main\AndroidManifest.xml:113:17-86
143-->src\main\AndroidManifest.xml:113:25-83
144
145                <data android:mimeType="application/vnd.wap.mms-message" />
145-->src\main\AndroidManifest.xml:55:17-55
145-->src\main\AndroidManifest.xml:55:23-52
146            </intent-filter>
147        </receiver>
148
149        <!-- ══════════════════════════════════════════ -->
150        <!-- Services -->
151        <!-- ══════════════════════════════════════════ -->
152
153
154        <!-- HeadsUp helper (no intent-filter needed) -->
155        <service
155-->src\main\AndroidManifest.xml:123:9-125:40
156            android:name="com.personal.smsapp.ui.HeadsUpService"
156-->src\main\AndroidManifest.xml:124:13-46
157            android:exported="false" />
157-->src\main\AndroidManifest.xml:125:13-37
158
159        <!--
160            REQUIRED for default SMS app eligibility.
161            Android checks that a Service handling RESPOND_VIA_MESSAGE exists
162            before granting the default SMS role.
163        -->
164        <service
164-->src\main\AndroidManifest.xml:132:9-144:19
165            android:name="com.personal.smsapp.service.RespondViaMessageService"
165-->src\main\AndroidManifest.xml:133:13-61
166            android:exported="true"
166-->src\main\AndroidManifest.xml:134:13-36
167            android:permission="android.permission.SEND_RESPOND_VIA_MESSAGE" >
167-->src\main\AndroidManifest.xml:135:13-77
168            <intent-filter>
168-->src\main\AndroidManifest.xml:136:13-143:29
169                <action android:name="android.intent.action.RESPOND_VIA_MESSAGE" />
169-->src\main\AndroidManifest.xml:137:17-84
169-->src\main\AndroidManifest.xml:137:25-81
170
171                <category android:name="android.intent.category.DEFAULT" />
171-->src\main\AndroidManifest.xml:50:17-76
171-->src\main\AndroidManifest.xml:50:27-73
172
173                <data android:scheme="sms" />
173-->src\main\AndroidManifest.xml:55:17-55
173-->src\main\AndroidManifest.xml:80:23-43
174                <data android:scheme="smsto" />
174-->src\main\AndroidManifest.xml:55:17-55
174-->src\main\AndroidManifest.xml:80:23-43
175                <data android:scheme="mms" />
175-->src\main\AndroidManifest.xml:55:17-55
175-->src\main\AndroidManifest.xml:80:23-43
176                <data android:scheme="mmsto" />
176-->src\main\AndroidManifest.xml:55:17-55
176-->src\main\AndroidManifest.xml:80:23-43
177            </intent-filter>
178        </service>
179
180        <!-- ══════════════════════════════════════════ -->
181        <!-- Providers -->
182        <!-- ══════════════════════════════════════════ -->
183
184
185        <!-- WorkManager initializer -->
186        <provider
187            android:name="androidx.startup.InitializationProvider"
187-->src\main\AndroidManifest.xml:152:13-67
188            android:authorities="com.personal.smsapp.debug.androidx-startup"
188-->src\main\AndroidManifest.xml:153:13-68
189            android:exported="false" >
189-->src\main\AndroidManifest.xml:154:13-37
190            <meta-data
190-->src\main\AndroidManifest.xml:155:13-157:52
191                android:name="androidx.work.WorkManagerInitializer"
191-->src\main\AndroidManifest.xml:156:17-68
192                android:value="androidx.startup" />
192-->src\main\AndroidManifest.xml:157:17-49
193            <meta-data
193-->[androidx.emoji2:emoji2:1.2.0] AndroidManifest.xml:29:13-31:52
194                android:name="androidx.emoji2.text.EmojiCompatInitializer"
194-->[androidx.emoji2:emoji2:1.2.0] AndroidManifest.xml:30:17-75
195                android:value="androidx.startup" />
195-->[androidx.emoji2:emoji2:1.2.0] AndroidManifest.xml:31:17-49
196            <meta-data
196-->[androidx.lifecycle:lifecycle-process:2.7.0] AndroidManifest.xml:29:13-31:52
197                android:name="androidx.lifecycle.ProcessLifecycleInitializer"
197-->[androidx.lifecycle:lifecycle-process:2.7.0] AndroidManifest.xml:30:17-78
198                android:value="androidx.startup" />
198-->[androidx.lifecycle:lifecycle-process:2.7.0] AndroidManifest.xml:31:17-49
199            <meta-data
199-->[androidx.profileinstaller:profileinstaller:1.3.0] AndroidManifest.xml:29:13-31:52
200                android:name="androidx.profileinstaller.ProfileInstallerInitializer"
200-->[androidx.profileinstaller:profileinstaller:1.3.0] AndroidManifest.xml:30:17-85
201                android:value="androidx.startup" />
201-->[androidx.profileinstaller:profileinstaller:1.3.0] AndroidManifest.xml:31:17-49
202        </provider>
203
204        <service
204-->[androidx.work:work-runtime:2.9.0] AndroidManifest.xml:39:9-45:35
205            android:name="androidx.work.impl.background.systemalarm.SystemAlarmService"
205-->[androidx.work:work-runtime:2.9.0] AndroidManifest.xml:40:13-88
206            android:directBootAware="false"
206-->[androidx.work:work-runtime:2.9.0] AndroidManifest.xml:41:13-44
207            android:enabled="@bool/enable_system_alarm_service_default"
207-->[androidx.work:work-runtime:2.9.0] AndroidManifest.xml:42:13-72
208            android:exported="false" />
208-->[androidx.work:work-runtime:2.9.0] AndroidManifest.xml:43:13-37
209        <service
209-->[androidx.work:work-runtime:2.9.0] AndroidManifest.xml:46:9-52:35
210            android:name="androidx.work.impl.background.systemjob.SystemJobService"
210-->[androidx.work:work-runtime:2.9.0] AndroidManifest.xml:47:13-84
211            android:directBootAware="false"
211-->[androidx.work:work-runtime:2.9.0] AndroidManifest.xml:48:13-44
212            android:enabled="@bool/enable_system_job_service_default"
212-->[androidx.work:work-runtime:2.9.0] AndroidManifest.xml:49:13-70
213            android:exported="true"
213-->[androidx.work:work-runtime:2.9.0] AndroidManifest.xml:50:13-36
214            android:permission="android.permission.BIND_JOB_SERVICE" />
214-->[androidx.work:work-runtime:2.9.0] AndroidManifest.xml:51:13-69
215        <service
215-->[androidx.work:work-runtime:2.9.0] AndroidManifest.xml:53:9-59:35
216            android:name="androidx.work.impl.foreground.SystemForegroundService"
216-->[androidx.work:work-runtime:2.9.0] AndroidManifest.xml:54:13-81
217            android:directBootAware="false"
217-->[androidx.work:work-runtime:2.9.0] AndroidManifest.xml:55:13-44
218            android:enabled="@bool/enable_system_foreground_service_default"
218-->[androidx.work:work-runtime:2.9.0] AndroidManifest.xml:56:13-77
219            android:exported="false" />
219-->[androidx.work:work-runtime:2.9.0] AndroidManifest.xml:57:13-37
220
221        <receiver
221-->[androidx.work:work-runtime:2.9.0] AndroidManifest.xml:61:9-66:35
222            android:name="androidx.work.impl.utils.ForceStopRunnable$BroadcastReceiver"
222-->[androidx.work:work-runtime:2.9.0] AndroidManifest.xml:62:13-88
223            android:directBootAware="false"
223-->[androidx.work:work-runtime:2.9.0] AndroidManifest.xml:63:13-44
224            android:enabled="true"
224-->[androidx.work:work-runtime:2.9.0] AndroidManifest.xml:64:13-35
225            android:exported="false" />
225-->[androidx.work:work-runtime:2.9.0] AndroidManifest.xml:65:13-37
226        <receiver
226-->[androidx.work:work-runtime:2.9.0] AndroidManifest.xml:67:9-77:20
227            android:name="androidx.work.impl.background.systemalarm.ConstraintProxy$BatteryChargingProxy"
227-->[androidx.work:work-runtime:2.9.0] AndroidManifest.xml:68:13-106
228            android:directBootAware="false"
228-->[androidx.work:work-runtime:2.9.0] AndroidManifest.xml:69:13-44
229            android:enabled="false"
229-->[androidx.work:work-runtime:2.9.0] AndroidManifest.xml:70:13-36
230            android:exported="false" >
230-->[androidx.work:work-runtime:2.9.0] AndroidManifest.xml:71:13-37
231            <intent-filter>
231-->[androidx.work:work-runtime:2.9.0] AndroidManifest.xml:73:13-76:29
232                <action android:name="android.intent.action.ACTION_POWER_CONNECTED" />
232-->[androidx.work:work-runtime:2.9.0] AndroidManifest.xml:74:17-87
232-->[androidx.work:work-runtime:2.9.0] AndroidManifest.xml:74:25-84
233                <action android:name="android.intent.action.ACTION_POWER_DISCONNECTED" />
233-->[androidx.work:work-runtime:2.9.0] AndroidManifest.xml:75:17-90
233-->[androidx.work:work-runtime:2.9.0] AndroidManifest.xml:75:25-87
234            </intent-filter>
235        </receiver>
236        <receiver
236-->[androidx.work:work-runtime:2.9.0] AndroidManifest.xml:78:9-88:20
237            android:name="androidx.work.impl.background.systemalarm.ConstraintProxy$BatteryNotLowProxy"
237-->[androidx.work:work-runtime:2.9.0] AndroidManifest.xml:79:13-104
238            android:directBootAware="false"
238-->[androidx.work:work-runtime:2.9.0] AndroidManifest.xml:80:13-44
239            android:enabled="false"
239-->[androidx.work:work-runtime:2.9.0] AndroidManifest.xml:81:13-36
240            android:exported="false" >
240-->[androidx.work:work-runtime:2.9.0] AndroidManifest.xml:82:13-37
241            <intent-filter>
241-->[androidx.work:work-runtime:2.9.0] AndroidManifest.xml:84:13-87:29
242                <action android:name="android.intent.action.BATTERY_OKAY" />
242-->[androidx.work:work-runtime:2.9.0] AndroidManifest.xml:85:17-77
242-->[androidx.work:work-runtime:2.9.0] AndroidManifest.xml:85:25-74
243                <action android:name="android.intent.action.BATTERY_LOW" />
243-->[androidx.work:work-runtime:2.9.0] AndroidManifest.xml:86:17-76
243-->[androidx.work:work-runtime:2.9.0] AndroidManifest.xml:86:25-73
244            </intent-filter>
245        </receiver>
246        <receiver
246-->[androidx.work:work-runtime:2.9.0] AndroidManifest.xml:89:9-99:20
247            android:name="androidx.work.impl.background.systemalarm.ConstraintProxy$StorageNotLowProxy"
247-->[androidx.work:work-runtime:2.9.0] AndroidManifest.xml:90:13-104
248            android:directBootAware="false"
248-->[androidx.work:work-runtime:2.9.0] AndroidManifest.xml:91:13-44
249            android:enabled="false"
249-->[androidx.work:work-runtime:2.9.0] AndroidManifest.xml:92:13-36
250            android:exported="false" >
250-->[androidx.work:work-runtime:2.9.0] AndroidManifest.xml:93:13-37
251            <intent-filter>
251-->[androidx.work:work-runtime:2.9.0] AndroidManifest.xml:95:13-98:29
252                <action android:name="android.intent.action.DEVICE_STORAGE_LOW" />
252-->[androidx.work:work-runtime:2.9.0] AndroidManifest.xml:96:17-83
252-->[androidx.work:work-runtime:2.9.0] AndroidManifest.xml:96:25-80
253                <action android:name="android.intent.action.DEVICE_STORAGE_OK" />
253-->[androidx.work:work-runtime:2.9.0] AndroidManifest.xml:97:17-82
253-->[androidx.work:work-runtime:2.9.0] AndroidManifest.xml:97:25-79
254            </intent-filter>
255        </receiver>
256        <receiver
256-->[androidx.work:work-runtime:2.9.0] AndroidManifest.xml:100:9-109:20
257            android:name="androidx.work.impl.background.systemalarm.ConstraintProxy$NetworkStateProxy"
257-->[androidx.work:work-runtime:2.9.0] AndroidManifest.xml:101:13-103
258            android:directBootAware="false"
258-->[androidx.work:work-runtime:2.9.0] AndroidManifest.xml:102:13-44
259            android:enabled="false"
259-->[androidx.work:work-runtime:2.9.0] AndroidManifest.xml:103:13-36
260            android:exported="false" >
260-->[androidx.work:work-runtime:2.9.0] AndroidManifest.xml:104:13-37
261            <intent-filter>
261-->[androidx.work:work-runtime:2.9.0] AndroidManifest.xml:106:13-108:29
262                <action android:name="android.net.conn.CONNECTIVITY_CHANGE" />
262-->[androidx.work:work-runtime:2.9.0] AndroidManifest.xml:107:17-79
262-->[androidx.work:work-runtime:2.9.0] AndroidManifest.xml:107:25-76
263            </intent-filter>
264        </receiver>
265        <receiver
265-->[androidx.work:work-runtime:2.9.0] AndroidManifest.xml:110:9-121:20
266            android:name="androidx.work.impl.background.systemalarm.RescheduleReceiver"
266-->[androidx.work:work-runtime:2.9.0] AndroidManifest.xml:111:13-88
267            android:directBootAware="false"
267-->[androidx.work:work-runtime:2.9.0] AndroidManifest.xml:112:13-44
268            android:enabled="false"
268-->[androidx.work:work-runtime:2.9.0] AndroidManifest.xml:113:13-36
269            android:exported="false" >
269-->[androidx.work:work-runtime:2.9.0] AndroidManifest.xml:114:13-37
270            <intent-filter>
270-->[androidx.work:work-runtime:2.9.0] AndroidManifest.xml:116:13-120:29
271                <action android:name="android.intent.action.BOOT_COMPLETED" />
271-->[androidx.work:work-runtime:2.9.0] AndroidManifest.xml:117:17-79
271-->[androidx.work:work-runtime:2.9.0] AndroidManifest.xml:117:25-76
272                <action android:name="android.intent.action.TIME_SET" />
272-->[androidx.work:work-runtime:2.9.0] AndroidManifest.xml:118:17-73
272-->[androidx.work:work-runtime:2.9.0] AndroidManifest.xml:118:25-70
273                <action android:name="android.intent.action.TIMEZONE_CHANGED" />
273-->[androidx.work:work-runtime:2.9.0] AndroidManifest.xml:119:17-81
273-->[androidx.work:work-runtime:2.9.0] AndroidManifest.xml:119:25-78
274            </intent-filter>
275        </receiver>
276        <receiver
276-->[androidx.work:work-runtime:2.9.0] AndroidManifest.xml:122:9-131:20
277            android:name="androidx.work.impl.background.systemalarm.ConstraintProxyUpdateReceiver"
277-->[androidx.work:work-runtime:2.9.0] AndroidManifest.xml:123:13-99
278            android:directBootAware="false"
278-->[androidx.work:work-runtime:2.9.0] AndroidManifest.xml:124:13-44
279            android:enabled="@bool/enable_system_alarm_service_default"
279-->[androidx.work:work-runtime:2.9.0] AndroidManifest.xml:125:13-72
280            android:exported="false" >
280-->[androidx.work:work-runtime:2.9.0] AndroidManifest.xml:126:13-37
281            <intent-filter>
281-->[androidx.work:work-runtime:2.9.0] AndroidManifest.xml:128:13-130:29
282                <action android:name="androidx.work.impl.background.systemalarm.UpdateProxies" />
282-->[androidx.work:work-runtime:2.9.0] AndroidManifest.xml:129:17-98
282-->[androidx.work:work-runtime:2.9.0] AndroidManifest.xml:129:25-95
283            </intent-filter>
284        </receiver>
285        <receiver
285-->[androidx.work:work-runtime:2.9.0] AndroidManifest.xml:132:9-142:20
286            android:name="androidx.work.impl.diagnostics.DiagnosticsReceiver"
286-->[androidx.work:work-runtime:2.9.0] AndroidManifest.xml:133:13-78
287            android:directBootAware="false"
287-->[androidx.work:work-runtime:2.9.0] AndroidManifest.xml:134:13-44
288            android:enabled="true"
288-->[androidx.work:work-runtime:2.9.0] AndroidManifest.xml:135:13-35
289            android:exported="true"
289-->[androidx.work:work-runtime:2.9.0] AndroidManifest.xml:136:13-36
290            android:permission="android.permission.DUMP" >
290-->[androidx.work:work-runtime:2.9.0] AndroidManifest.xml:137:13-57
291            <intent-filter>
291-->[androidx.work:work-runtime:2.9.0] AndroidManifest.xml:139:13-141:29
292                <action android:name="androidx.work.diagnostics.REQUEST_DIAGNOSTICS" />
292-->[androidx.work:work-runtime:2.9.0] AndroidManifest.xml:140:17-88
292-->[androidx.work:work-runtime:2.9.0] AndroidManifest.xml:140:25-85
293            </intent-filter>
294        </receiver>
295
296        <uses-library
296-->[androidx.window:window:1.0.0] AndroidManifest.xml:25:9-27:40
297            android:name="androidx.window.extensions"
297-->[androidx.window:window:1.0.0] AndroidManifest.xml:26:13-54
298            android:required="false" />
298-->[androidx.window:window:1.0.0] AndroidManifest.xml:27:13-37
299        <uses-library
299-->[androidx.window:window:1.0.0] AndroidManifest.xml:28:9-30:40
300            android:name="androidx.window.sidecar"
300-->[androidx.window:window:1.0.0] AndroidManifest.xml:29:13-51
301            android:required="false" />
301-->[androidx.window:window:1.0.0] AndroidManifest.xml:30:13-37
302
303        <service
303-->[androidx.room:room-runtime:2.6.1] AndroidManifest.xml:24:9-28:63
304            android:name="androidx.room.MultiInstanceInvalidationService"
304-->[androidx.room:room-runtime:2.6.1] AndroidManifest.xml:25:13-74
305            android:directBootAware="true"
305-->[androidx.room:room-runtime:2.6.1] AndroidManifest.xml:26:13-43
306            android:exported="false" />
306-->[androidx.room:room-runtime:2.6.1] AndroidManifest.xml:27:13-37
307
308        <receiver
308-->[androidx.profileinstaller:profileinstaller:1.3.0] AndroidManifest.xml:34:9-52:20
309            android:name="androidx.profileinstaller.ProfileInstallReceiver"
309-->[androidx.profileinstaller:profileinstaller:1.3.0] AndroidManifest.xml:35:13-76
310            android:directBootAware="false"
310-->[androidx.profileinstaller:profileinstaller:1.3.0] AndroidManifest.xml:36:13-44
311            android:enabled="true"
311-->[androidx.profileinstaller:profileinstaller:1.3.0] AndroidManifest.xml:37:13-35
312            android:exported="true"
312-->[androidx.profileinstaller:profileinstaller:1.3.0] AndroidManifest.xml:38:13-36
313            android:permission="android.permission.DUMP" >
313-->[androidx.profileinstaller:profileinstaller:1.3.0] AndroidManifest.xml:39:13-57
314            <intent-filter>
314-->[androidx.profileinstaller:profileinstaller:1.3.0] AndroidManifest.xml:40:13-42:29
315                <action android:name="androidx.profileinstaller.action.INSTALL_PROFILE" />
315-->[androidx.profileinstaller:profileinstaller:1.3.0] AndroidManifest.xml:41:17-91
315-->[androidx.profileinstaller:profileinstaller:1.3.0] AndroidManifest.xml:41:25-88
316            </intent-filter>
317            <intent-filter>
317-->[androidx.profileinstaller:profileinstaller:1.3.0] AndroidManifest.xml:43:13-45:29
318                <action android:name="androidx.profileinstaller.action.SKIP_FILE" />
318-->[androidx.profileinstaller:profileinstaller:1.3.0] AndroidManifest.xml:44:17-85
318-->[androidx.profileinstaller:profileinstaller:1.3.0] AndroidManifest.xml:44:25-82
319            </intent-filter>
320            <intent-filter>
320-->[androidx.profileinstaller:profileinstaller:1.3.0] AndroidManifest.xml:46:13-48:29
321                <action android:name="androidx.profileinstaller.action.SAVE_PROFILE" />
321-->[androidx.profileinstaller:profileinstaller:1.3.0] AndroidManifest.xml:47:17-88
321-->[androidx.profileinstaller:profileinstaller:1.3.0] AndroidManifest.xml:47:25-85
322            </intent-filter>
323            <intent-filter>
323-->[androidx.profileinstaller:profileinstaller:1.3.0] AndroidManifest.xml:49:13-51:29
324                <action android:name="androidx.profileinstaller.action.BENCHMARK_OPERATION" />